 Image school-sms-backend Building 
 Image school-sms-frontend Building 
#1 [internal] load local bake definitions
#1 reading from stdin 979B done
#1 DONE 0.0s

#2 [frontend internal] load build definition from Dockerfile
#2 transferring dockerfile: 271B 0.0s done
#2 DONE 0.0s

#3 [backend internal] load build definition from Dockerfile
#3 transferring dockerfile: 666B done
#3 DONE 0.0s

#4 [frontend internal] load metadata for docker.io/library/nginx:alpine
#4 DONE 0.2s

#5 [frontend internal] load metadata for docker.io/library/node:20-alpine
#5 DONE 0.2s

#6 [backend internal] load metadata for docker.io/library/python:3.11-slim
#6 DONE 0.2s

#7 [frontend internal] load .dockerignore
#7 transferring context: 2B done
#7 DONE 0.0s

#8 [backend internal] load .dockerignore
#8 transferring context: 2B done
#8 DONE 0.0s

#9 [frontend internal] load build context
#9 ...

#10 [backend 1/7] FROM docker.io/library/python:3.11-slim@sha256:f9fa7f851e38bfb19c9de3afbc4b86ae7176ea7aaf94535c31df5458d5849457
#10 resolve docker.io/library/python:3.11-slim@sha256:f9fa7f851e38bfb19c9de3afbc4b86ae7176ea7aaf94535c31df5458d5849457 0.1s done
#10 DONE 0.1s

#11 [frontend stage-1 1/3] FROM docker.io/library/nginx:alpine@sha256:8b1e78743a03dbb2c95171cc58639fef29abc8816598e27fb910ed2e621e589a
#11 resolve docker.io/library/nginx:alpine@sha256:8b1e78743a03dbb2c95171cc58639fef29abc8816598e27fb910ed2e621e589a 0.1s done
#11 DONE 0.1s

#12 [frontend build 1/6] FROM docker.io/library/node:20-alpine@sha256:fb4cd12c85ee03686f6af5362a0b0d56d50c58a04632e6c0fb8363f609372293
#12 resolve docker.io/library/node:20-alpine@sha256:fb4cd12c85ee03686f6af5362a0b0d56d50c58a04632e6c0fb8363f609372293 0.1s done
#12 DONE 0.1s

#9 [frontend internal] load build context
#9 transferring context: 1.04MB 1.2s done
#9 DONE 1.4s

#13 [frontend build 2/6] WORKDIR /app
#13 CACHED

#14 [frontend build 3/6] COPY package*.json ./
#14 CACHED

#15 [frontend build 4/6] RUN npm install
#15 CACHED

#16 [backend internal] load build context
#16 transferring context: 2.68MB 1.5s done
#16 DONE 1.6s

#17 [frontend build 5/6] COPY . .
#17 ...

#18 [backend 2/7] WORKDIR /app
#18 CACHED

#19 [backend 3/7] RUN apt-get update && apt-get install -y     libpango-1.0-0     libpangoft2-1.0-0     libharfbuzz0b     libffi-dev     && rm -rf /var/lib/apt/lists/*
#19 CACHED

#20 [backend 4/7] COPY requirements.txt .
#20 CACHED

#21 [backend 5/7] COPY requirements-dev.txt .
#21 CACHED

#22 [backend 6/7] RUN pip install --no-cache-dir -r requirements.txt &&    pip install --no-cache-dir -r requirements-dev.txt
#22 CACHED

#23 [backend 7/7] COPY . .
#23 ...

#17 [frontend build 5/6] COPY . .
#17 DONE 16.4s

#24 [frontend build 6/6] RUN npm run build
#24 0.855 
#24 0.855 > frontend@0.0.0 build
#24 0.855 > vite build
#24 0.855 
#24 1.228 vite v8.0.3 building client environment for production...
#24 1.249 [2Ktransforming...✓ 727 modules transformed.
#24 2.813 rendering chunks...
#24 ...

#23 [backend 7/7] COPY . .
#23 DONE 19.4s

#25 [backend] exporting to image
#25 exporting layers
#25 ...

#24 [frontend build 6/6] RUN npm run build
#24 3.469 computing gzip size...
#24 3.514 dist/index.html                                   1.23 kB │ gzip:     0.61 kB
#24 3.514 dist/assets/logo-ZX2l_2q9.svg                 2,917.46 kB │ gzip: 1,129.86 kB
#24 3.514 dist/assets/index-Ct4nwZcd.css                   25.23 kB │ gzip:     5.97 kB
#24 3.514 dist/assets/portalContext-St0AMXld.js             0.22 kB │ gzip:     0.18 kB
#24 3.514 dist/assets/academicYearContext-ClBr3ikg.js       0.32 kB │ gzip:     0.24 kB
#24 3.514 dist/assets/useRoleContext-D9GZYeWT.js            0.79 kB │ gzip:     0.45 kB
#24 3.514 dist/assets/Unauthorized-DilQYAMr.js              2.04 kB │ gzip:     0.96 kB
#24 3.514 dist/assets/OnboardingEmptyState-BNurq3Yx.js      2.16 kB │ gzip:     1.00 kB
#24 3.514 dist/assets/EnrollmentManager-BSQLildc.js         7.35 kB │ gzip:     2.11 kB
#24 3.514 dist/assets/PortalResults-dLpsNL6h.js             8.28 kB │ gzip:     2.92 kB
#24 3.514 dist/assets/useQuery-DM8TQLsE.js                  8.73 kB │ gzip:     3.20 kB
#24 3.514 dist/assets/UserForm-Dt4niFRZ.js                  8.78 kB │ gzip:     2.91 kB
#24 3.514 dist/assets/auth-D_h_1456.js                      9.71 kB │ gzip:     3.69 kB
#24 3.514 dist/assets/PortalProfile-CYt_Kzp1.js             9.88 kB │ gzip:     3.22 kB
#24 3.514 dist/assets/Defaulters-DoiiCWlB.js               10.58 kB │ gzip:     3.03 kB
#24 3.514 dist/assets/Reports--qnstXZ1.js                  11.39 kB │ gzip:     3.52 kB
#24 3.514 dist/assets/Layout-lM8allSh.js                   12.49 kB │ gzip:     4.01 kB
#24 3.514 dist/assets/FeeStructure-CGQhxo-8.js             12.50 kB │ gzip:     4.03 kB
#24 3.514 dist/assets/PortalDashboard-5-B7B02k.js          12.55 kB │ gzip:     3.83 kB
#24 3.514 dist/assets/StudentFees-zk6ga5NC.js              12.61 kB │ gzip:     3.63 kB
#24 3.514 dist/assets/PortalAttendance-nbNVTArB.js         12.70 kB │ gzip:     3.92 kB
#24 3.514 dist/assets/UI-L_Y3mf1n.js                       15.23 kB │ gzip:     4.48 kB
#24 3.514 dist/assets/ClassManagement-Cmez6Cuo.js          15.28 kB │ gzip:     4.48 kB
#24 3.514 dist/assets/PortalFees-D5QrAdtI.js               15.55 kB │ gzip:     4.68 kB
#24 3.514 dist/assets/Dashboard-B3Mwl7TB.js                16.59 kB │ gzip:     5.09 kB
#24 3.514 dist/assets/StudentForm-DtkGaFXK.js              19.45 kB │ gzip:     5.74 kB
#24 3.514 dist/assets/Attendance-tFBjOQSF.js               19.59 kB │ gzip:     5.46 kB
#24 3.514 dist/assets/PortalLayout-DW8-Ey6x.js             20.15 kB │ gzip:     5.26 kB
#24 3.514 dist/assets/Notifications-B05QK7Dn.js            21.98 kB │ gzip:     6.42 kB
#24 3.514 dist/assets/StudentList-C_H_T-i5.js              27.61 kB │ gzip:     6.80 kB
#24 3.514 dist/assets/MarksEntry-C8AWxT7O.js               58.39 kB │ gzip:    13.65 kB
#24 3.514 dist/assets/YearEnd-_boKzSd2.js                  58.90 kB │ gzip:    14.83 kB
#24 3.514 dist/assets/UserManagement-YIwJogRE.js           60.41 kB │ gzip:    13.25 kB
#24 3.514 dist/assets/index-DFIkqSLE.js                   397.41 kB │ gzip:   121.60 kB
#24 3.514 dist/assets/Analytics-DU8BEPIz.js               405.01 kB │ gzip:   115.19 kB
#24 3.514 
#24 3.516 ✓ built in 2.29s
#24 DONE 3.7s

#25 [backend] exporting to image
#25 ...

#11 [frontend stage-1 1/3] FROM docker.io/library/nginx:alpine@sha256:8b1e78743a03dbb2c95171cc58639fef29abc8816598e27fb910ed2e621e589a
#11 CACHED

#26 [frontend stage-1 2/3] COPY --from=build /app/dist /usr/share/nginx/html
#26 DONE 0.1s

#27 [frontend stage-1 3/3] COPY nginx.conf /etc/nginx/conf.d/default.conf
#27 DONE 0.0s

#28 [frontend] exporting to image
#28 exporting layers 0.2s done
#28 exporting manifest sha256:8a83d0c872bff5b70ba33e4fddaf8b564178de1f65e1be9461539ed7e03a617d done
#28 exporting config sha256:67de81742c5a7f370e7ab16ad0de336308a5a2c4a8e8739dbe76e39e2a732f2c done
#28 exporting attestation manifest sha256:85a36878f309c92b78492f56d91c55ed2d060e6ade588ea0b99b52afaa78b04f 0.0s done
#28 exporting manifest list sha256:57e9374201359ce9abc931d7533eaa255efe41ae6613764933e2c92079f3d62f done
#28 naming to docker.io/library/school-sms-frontend:latest done
#28 unpacking to docker.io/library/school-sms-frontend:latest 0.1s done
#28 DONE 0.4s

#25 [backend] exporting to image
#25 ...

#29 [frontend] resolving provenance for metadata file
#29 DONE 0.1s

#25 [backend] exporting to image
#25 exporting layers 12.0s done
#25 exporting manifest sha256:b72dd08d69911bdd7538b7006e63c6cc07e244f58bb8e4bbf2b38f588f5d387f done
#25 exporting config sha256:fbea70b6ab56e991dd22dd78665d6334cdc74116a4d0c61bbff437957c0c6c5e done
#25 exporting attestation manifest sha256:226191d661b5055f2c5989d3b2f2255183fed88279cba34926db5fbe5609ebee 0.0s done
#25 exporting manifest list sha256:148db58eb67060ef8e7775e9faa76db5d0e1579c52f812d42eb9680f027d02c4 done
#25 naming to docker.io/library/school-sms-backend:latest done
#25 unpacking to docker.io/library/school-sms-backend:latest
#25 unpacking to docker.io/library/school-sms-backend:latest 11.0s done
#25 DONE 23.2s

#30 [backend] resolving provenance for metadata file
#30 DONE 0.0s
 Image school-sms-backend Built 
 Image school-sms-frontend Built 
 Network school-sms_default Creating 
 Network school-sms_default Created 
 Container sms_db Creating 
 Container sms_db Created 
 Container sms_backend Creating 
 Container sms_backend Created 
 Container sms_frontend Creating 
 Container sms_frontend Created 
Attaching to sms_backend, sms_db, sms_frontend
 Container sms_db Starting 
 Container sms_db Started 
 Container sms_db Waiting 
sms_db  | 
sms_db  | PostgreSQL Database directory appears to contain a database; Skipping initialization
sms_db  | 
sms_db  | 2026-06-13 14:24:08.087 UTC [1] LOG:  starting PostgreSQL 15.18 on aarch64-unknown-linux-musl, compiled by gcc (Alpine 15.2.0) 15.2.0, 64-bit
sms_db  | 2026-06-13 14:24:08.087 UTC [1] LOG:  listening on IPv4 address "0.0.0.0", port 5432
sms_db  | 2026-06-13 14:24:08.088 UTC [1] LOG:  listening on IPv6 address "::", port 5432
sms_db  | 2026-06-13 14:24:08.090 UTC [1] LOG:  listening on Unix socket "/var/run/postgresql/.s.PGSQL.5432"
sms_db  | 2026-06-13 14:24:08.096 UTC [29] LOG:  database system was shut down at 2026-06-13 14:23:14 UTC
sms_db  | 2026-06-13 14:24:08.107 UTC [1] LOG:  database system is ready to accept connections
 Container sms_db Healthy 
 Container sms_backend Starting 
 Container sms_backend Started 
 Container sms_frontend Starting 
sms_frontend  | /docker-entrypoint.sh: /docker-entrypoint.d/ is not empty, will attempt to perform configuration
sms_frontend  | /docker-entrypoint.sh: Looking for shell scripts in /docker-entrypoint.d/
sms_frontend  | /docker-entrypoint.sh: Launching /docker-entrypoint.d/10-listen-on-ipv6-by-default.sh
 Container sms_frontend Started 
sms_frontend  | 10-listen-on-ipv6-by-default.sh: info: can not modify /etc/nginx/conf.d/default.conf (read-only file system?)
sms_frontend  | /docker-entrypoint.sh: Sourcing /docker-entrypoint.d/15-local-resolvers.envsh
sms_frontend  | /docker-entrypoint.sh: Launching /docker-entrypoint.d/20-envsubst-on-templates.sh
sms_frontend  | /docker-entrypoint.sh: Launching /docker-entrypoint.d/30-tune-worker-processes.sh
sms_frontend  | /docker-entrypoint.sh: Configuration complete; ready for start up
sms_frontend  | 2026/06/13 14:24:13 [warn] 1#1: the "listen ... http2" directive is deprecated, use the "http2" directive instead in /etc/nginx/conf.d/default.conf:8
sms_frontend  | nginx: [warn] the "listen ... http2" directive is deprecated, use the "http2" directive instead in /etc/nginx/conf.d/default.conf:8
sms_frontend  | 2026/06/13 14:24:13 [notice] 1#1: using the "epoll" event method
sms_frontend  | 2026/06/13 14:24:13 [notice] 1#1: nginx/1.31.1
sms_frontend  | 2026/06/13 14:24:13 [notice] 1#1: built by gcc 15.2.0 (Alpine 15.2.0) 
sms_frontend  | 2026/06/13 14:24:13 [notice] 1#1: OS: Linux 6.12.72-linuxkit
sms_frontend  | 2026/06/13 14:24:13 [notice] 1#1: getrlimit(RLIMIT_NOFILE): 1048576:1048576
sms_frontend  | 2026/06/13 14:24:13 [notice] 1#1: start worker processes
sms_frontend  | 2026/06/13 14:24:13 [notice] 1#1: start worker process 21
sms_frontend  | 2026/06/13 14:24:13 [notice] 1#1: start worker process 22
sms_frontend  | 2026/06/13 14:24:13 [notice] 1#1: start worker process 23
sms_frontend  | 2026/06/13 14:24:13 [notice] 1#1: start worker process 24
sms_frontend  | 2026/06/13 14:24:13 [notice] 1#1: start worker process 25
sms_frontend  | 2026/06/13 14:24:13 [notice] 1#1: start worker process 26
sms_frontend  | 2026/06/13 14:24:13 [notice] 1#1: start worker process 27
sms_frontend  | 2026/06/13 14:24:13 [notice] 1#1: start worker process 28
sms_backend   | INFO  [alembic.runtime.migration] Context impl PostgresqlImpl.
sms_backend   | INFO  [alembic.runtime.migration] Will assume transactional DDL.
sms_backend   | INFO:     Will watch for changes in these directories: ['/app']
sms_backend   | INFO:     Uvicorn running on http://0.0.0.0:8000 (Press CTRL+C to quit)
sms_backend   | INFO:     Started reloader process [8] using WatchFiles
sms_backend   | INFO:     Started server process [10]
sms_backend   | INFO:     Waiting for application startup.
sms_backend   | INFO  [alembic.runtime.migration] Context impl PostgresqlImpl.
sms_backend   | INFO  [alembic.runtime.migration] Will assume transactional DDL.
sms_frontend  | 192.168.65.1 - - [13/Jun/2026:14:24:32 +0000] "GET /admin/users HTTP/2.0" 200 1231 "-" "Mozilla/5.0 (Linux; Android 8.0.0; SM-G955U Build/R16NW) AppleWebKit/537.36 (KHTML, like Gecko) Chrome/148.0.0.0 Mobile Safari/537.36" "-"
sms_frontend  | 192.168.65.1 - - [13/Jun/2026:14:24:33 +0000] "GET /.well-known/appspecific/com.chrome.devtools.json HTTP/2.0" 200 1231 "-" "Mozilla/5.0 (Macintosh; Intel Mac OS X 10_15_7) AppleWebKit/537.36 (KHTML, like Gecko) Chrome/148.0.0.0 Safari/537.36" "-"
sms_frontend  | 192.168.65.1 - - [13/Jun/2026:14:24:33 +0000] "GET /assets/index-DFIkqSLE.js HTTP/2.0" 200 397412 "https://localhost/admin/users" "Mozilla/5.0 (Linux; Android 8.0.0; SM-G955U Build/R16NW) AppleWebKit/537.36 (KHTML, like Gecko) Chrome/148.0.0.0 Mobile Safari/537.36" "-"
sms_frontend  | 192.168.65.1 - - [13/Jun/2026:14:24:33 +0000] "GET /assets/auth-D_h_1456.js HTTP/2.0" 200 9712 "https://localhost/admin/users" "Mozilla/5.0 (Linux; Android 8.0.0; SM-G955U Build/R16NW) AppleWebKit/537.36 (KHTML, like Gecko) Chrome/148.0.0.0 Mobile Safari/537.36" "-"
sms_frontend  | 192.168.65.1 - - [13/Jun/2026:14:24:33 +0000] "GET /assets/index-Ct4nwZcd.css HTTP/2.0" 200 25233 "https://localhost/admin/users" "Mozilla/5.0 (Linux; Android 8.0.0; SM-G955U Build/R16NW) AppleWebKit/537.36 (KHTML, like Gecko) Chrome/148.0.0.0 Mobile Safari/537.36" "-"
sms_frontend  | 192.168.65.1 - - [13/Jun/2026:14:24:33 +0000] "GET /assets/Layout-lM8allSh.js HTTP/2.0" 200 12493 "-" "Mozilla/5.0 (Linux; Android 8.0.0; SM-G955U Build/R16NW) AppleWebKit/537.36 (KHTML, like Gecko) Chrome/148.0.0.0 Mobile Safari/537.36" "-"
sms_frontend  | 192.168.65.1 - - [13/Jun/2026:14:24:33 +0000] "GET /assets/academicYearContext-ClBr3ikg.js HTTP/2.0" 200 325 "-" "Mozilla/5.0 (Linux; Android 8.0.0; SM-G955U Build/R16NW) AppleWebKit/537.36 (KHTML, like Gecko) Chrome/148.0.0.0 Mobile Safari/537.36" "-"
sms_frontend  | 192.168.65.1 - - [13/Jun/2026:14:24:33 +0000] "GET /vite.svg HTTP/2.0" 200 1231 "https://localhost/admin/users" "Mozilla/5.0 (Linux; Android 8.0.0; SM-G955U Build/R16NW) AppleWebKit/537.36 (KHTML, like Gecko) Chrome/148.0.0.0 Mobile Safari/537.36" "-"
sms_frontend  | 192.168.65.1 - - [13/Jun/2026:14:24:33 +0000] "GET /assets/UserManagement-YIwJogRE.js HTTP/2.0" 200 60411 "-" "Mozilla/5.0 (Linux; Android 8.0.0; SM-G955U Build/R16NW) AppleWebKit/537.36 (KHTML, like Gecko) Chrome/148.0.0.0 Mobile Safari/537.36" "-"
sms_frontend  | 192.168.65.1 - - [13/Jun/2026:14:24:33 +0000] "GET /assets/UI-L_Y3mf1n.js HTTP/2.0" 200 15233 "-" "Mozilla/5.0 (Linux; Android 8.0.0; SM-G955U Build/R16NW) AppleWebKit/537.36 (KHTML, like Gecko) Chrome/148.0.0.0 Mobile Safari/537.36" "-"
sms_frontend  | 192.168.65.1 - - [13/Jun/2026:14:24:33 +0000] "GET /api/v1/yearend/current-year HTTP/2.0" 200 112 "https://localhost/admin/users" "Mozilla/5.0 (Linux; Android 8.0.0; SM-G955U Build/R16NW) AppleWebKit/537.36 (KHTML, like Gecko) Chrome/148.0.0.0 Mobile Safari/537.36" "-"
sms_frontend  | 192.168.65.1 - - [13/Jun/2026:14:24:33 +0000] "GET /api/v1/auth/me HTTP/2.0" 200 302 "https://localhost/admin/users" "Mozilla/5.0 (Linux; Android 8.0.0; SM-G955U Build/R16NW) AppleWebKit/537.36 (KHTML, like Gecko) Chrome/148.0.0.0 Mobile Safari/537.36" "-"
sms_frontend  | 192.168.65.1 - - [13/Jun/2026:14:24:33 +0000] "GET /api/v1/yearend/current-year HTTP/2.0" 200 112 "https://localhost/admin/users" "Mozilla/5.0 (Linux; Android 8.0.0; SM-G955U Build/R16NW) AppleWebKit/537.36 (KHTML, like Gecko) Chrome/148.0.0.0 Mobile Safari/537.36" "-"
sms_frontend  | 192.168.65.1 - - [13/Jun/2026:14:24:33 +0000] "GET /api/v1/yearend/years HTTP/2.0" 200 166 "https://localhost/admin/users" "Mozilla/5.0 (Linux; Android 8.0.0; SM-G955U Build/R16NW) AppleWebKit/537.36 (KHTML, like Gecko) Chrome/148.0.0.0 Mobile Safari/537.36" "-"
sms_frontend  | 192.168.65.1 - - [13/Jun/2026:14:24:33 +0000] "GET /api/v1/yearend/current-year HTTP/2.0" 200 112 "https://localhost/admin/users" "Mozilla/5.0 (Linux; Android 8.0.0; SM-G955U Build/R16NW) AppleWebKit/537.36 (KHTML, like Gecko) Chrome/148.0.0.0 Mobile Safari/537.36" "-"
sms_frontend  | 192.168.65.1 - - [13/Jun/2026:14:24:34 +0000] "GET /api/v1/admin/users?role=teacher HTTP/2.0" 200 319 "https://localhost/admin/users" "Mozilla/5.0 (Linux; Android 8.0.0; SM-G955U Build/R16NW) AppleWebKit/537.36 (KHTML, like Gecko) Chrome/148.0.0.0 Mobile Safari/537.36" "-"
sms_frontend  | 192.168.65.1 - - [13/Jun/2026:14:24:34 +0000] "GET /api/v1/admin/teachers/5/assignments HTTP/2.0" 200 78 "https://localhost/admin/users" "Mozilla/5.0 (Linux; Android 8.0.0; SM-G955U Build/R16NW) AppleWebKit/537.36 (KHTML, like Gecko) Chrome/148.0.0.0 Mobile Safari/537.36" "-"
sms_frontend  | 192.168.65.1 - - [13/Jun/2026:14:24:37 +0000] "GET /api/v1/admin/users?page=1&page_size=20 HTTP/2.0" 200 1902 "https://localhost/admin/users" "Mozilla/5.0 (Linux; Android 8.0.0; SM-G955U Build/R16NW) AppleWebKit/537.36 (KHTML, like Gecko) Chrome/148.0.0.0 Mobile Safari/537.36" "-"
sms_frontend  | 192.168.65.1 - - [13/Jun/2026:14:24:38 +0000] "GET /api/v1/setup/classes?academic_year_id=2 HTTP/2.0" 200 974 "https://localhost/admin/users" "Mozilla/5.0 (Linux; Android 8.0.0; SM-G955U Build/R16NW) AppleWebKit/537.36 (KHTML, like Gecko) Chrome/148.0.0.0 Mobile Safari/537.36" "-"
sms_frontend  | 192.168.65.1 - - [13/Jun/2026:14:24:38 +0000] "GET /api/v1/admin/users?role=teacher HTTP/2.0" 200 319 "https://localhost/admin/users" "Mozilla/5.0 (Linux; Android 8.0.0; SM-G955U Build/R16NW) AppleWebKit/537.36 (KHTML, like Gecko) Chrome/148.0.0.0 Mobile Safari/537.36" "-"
sms_frontend  | 192.168.65.1 - - [13/Jun/2026:14:24:39 +0000] "GET /api/v1/admin/portal/accounts HTTP/2.0" 200 1177 "https://localhost/admin/users" "Mozilla/5.0 (Linux; Android 8.0.0; SM-G955U Build/R16NW) AppleWebKit/537.36 (KHTML, like Gecko) Chrome/148.0.0.0 Mobile Safari/537.36" "-"
sms_frontend  | 192.168.65.1 - - [13/Jun/2026:14:24:39 +0000] "GET /api/v1/admin/portal/link-status HTTP/2.0" 200 283874 "https://localhost/admin/users" "Mozilla/5.0 (Linux; Android 8.0.0; SM-G955U Build/R16NW) AppleWebKit/537.36 (KHTML, like Gecko) Chrome/148.0.0.0 Mobile Safari/537.36" "-"
sms_frontend  | 192.168.65.1 - - [13/Jun/2026:14:24:39 +0000] "GET /api/v1/students/?limit=200&academic_year_id=2 HTTP/2.0" 200 45 "https://localhost/admin/users" "Mozilla/5.0 (Linux; Android 8.0.0; SM-G955U Build/R16NW) AppleWebKit/537.36 (KHTML, like Gecko) Chrome/148.0.0.0 Mobile Safari/537.36" "-"
sms_frontend  | 192.168.65.1 - - [13/Jun/2026:14:24:40 +0000] "GET /api/v1/admin/correction-requests?status=pending HTTP/2.0" 200 2 "https://localhost/admin/users" "Mozilla/5.0 (Linux; Android 8.0.0; SM-G955U Build/R16NW) AppleWebKit/537.36 (KHTML, like Gecko) Chrome/148.0.0.0 Mobile Safari/537.36" "-"
